<?xml version="1.0" encoding="UTF-8"?>
<!-- Generated by org.testng.reporters.JUnitReportReporter -->
<testsuite hostname="DESKTOP-A8NB2MF" failures="0" tests="1" name="scripts.Books" time="10.790" errors="0" timestamp="2024-05-26T14:36:49 IST" skipped="0">
  <testcase classname="scripts.Books" name="selectbook" time="10.790"/>
  <system-out>
    <![CDATA[selectbook Test script has successfully started
selectbook Test script is executed]]>
  </system-out>
</testsuite> <!-- scripts.Books -->
