<?xml version="1.0" encoding="UTF-8"?>
<!-- Generated by org.testng.reporters.JUnitReportReporter -->
<testsuite hostname="DESKTOP-A8NB2MF" failures="0" tests="1" name="scripts.AddToCart" time="6.871" errors="0" timestamp="2024-05-31T15:30:10 IST" skipped="0">
  <testcase classname="scripts.AddToCart" name="addToCart" time="6.871"/>
  <system-out>
    <![CDATA[addToCartTest script has started execution
addToCartTest script successfully passed]]>
  </system-out>
</testsuite> <!-- scripts.AddToCart -->
